TN:
SF:src\utils\userValidator.ts
FN:16,validateUserRegistration
FNF:1
FNH:1
FNDA:15,validateUserRegistration
DA:16,1
DA:19,15
DA:20,3
DA:23,12
DA:26,12
DA:27,1
DA:30,11
DA:31,3
DA:34,8
DA:35,3
DA:36,1
DA:38,2
DA:42,5
DA:43,4
DA:46,1
LF:15
LH:15
BRDA:19,0,0,3
BRDA:19,0,1,12
BRDA:19,1,0,15
BRDA:19,1,1,15
BRDA:26,2,0,1
BRDA:26,2,1,11
BRDA:30,3,0,3
BRDA:30,3,1,8
BRDA:34,4,0,3
BRDA:34,4,1,5
BRDA:35,5,0,1
BRDA:35,5,1,2
BRDA:42,6,0,4
BRDA:42,6,1,1
BRDA:42,7,0,5
BRDA:42,7,1,3
BRF:16
BRH:16
end_of_record
